2024-05-07 02:03:35 INFO  LoggingInterceptor:13 - Request URL: http://localhost:8080/
2024-05-07 02:03:36 INFO  LoggingInterceptor:13 - Request URL: http://localhost:8080/
2024-05-07 02:03:36 INFO  LoggingInterceptor:13 - Request URL: http://localhost:8080/
2024-05-07 02:03:37 INFO  LoggingInterceptor:13 - Request URL: http://localhost:8080/
2024-05-07 02:03:37 INFO  LoggingInterceptor:13 - Request URL: http://localhost:8080/
2024-05-07 02:03:37 INFO  LoggingInterceptor:13 - Request URL: http://localhost:8080/
2024-05-07 02:03:38 INFO  LoggingInterceptor:13 - Request URL: http://localhost:8080/
2024-05-07 02:03:38 INFO  LoggingInterceptor:13 - Request URL: http://localhost:8080/
2024-05-07 02:03:38 INFO  LoggingInterceptor:13 - Request URL: http://localhost:8080/
2024-05-07 02:03:39 INFO  LoggingInterceptor:13 - Request URL: http://localhost:8080/
2024-05-07 02:03:39 INFO  LoggingInterceptor:13 - Request URL: http://localhost:8080/
2024-05-07 02:03:40 INFO  LoggingInterceptor:13 - Request URL: http://localhost:8080/
2024-05-07 02:03:55 INFO  LoggingInterceptor:13 - Request URL: http://localhost:8080/
2024-05-07 02:03:56 INFO  LoggingInterceptor:13 - Request URL: http://localhost:8080/
2024-05-07 02:03:56 INFO  LoggingInterceptor:13 - Request URL: http://localhost:8080/
2024-05-07 02:03:56 INFO  LoggingInterceptor:13 - Request URL: http://localhost:8080/
2024-05-07 02:03:56 INFO  LoggingInterceptor:13 - Request URL: http://localhost:8080/
2024-05-07 02:03:56 INFO  LoggingInterceptor:13 - Request URL: http://localhost:8080/
2024-05-07 02:03:56 INFO  LoggingInterceptor:13 - Request URL: http://localhost:8080/
2024-05-07 02:03:57 INFO  LoggingInterceptor:13 - Request URL: http://localhost:8080/
2024-05-07 02:32:46 INFO  LoggingInterceptor:13 - Request URL: http://localhost:8080/
2024-05-07 02:32:51 INFO  LoggingInterceptor:13 - Request URL: http://localhost:8080/create-registry
2024-05-07 02:32:51 INFO  LoggingInterceptor:13 - Request URL: http://localhost:8080/error
2024-05-07 02:36:29 INFO  LoggingInterceptor:13 - Request URL: http://localhost:8080/
2024-05-07 02:36:31 INFO  LoggingInterceptor:13 - Request URL: http://localhost:8080/create-registry
2024-05-07 02:36:31 INFO  LoggingInterceptor:13 - Request URL: http://localhost:8080/
2024-05-07 02:36:35 INFO  LoggingInterceptor:13 - Request URL: http://localhost:8080/
2024-05-07 02:36:37 INFO  LoggingInterceptor:13 - Request URL: http://localhost:8080/create-registry
2024-05-07 02:36:37 INFO  LoggingInterceptor:13 - Request URL: http://localhost:8080/
2024-05-07 02:38:50 INFO  LoggingInterceptor:13 - Request URL: http://localhost:8080/
2024-05-07 02:38:52 INFO  LoggingInterceptor:13 - Request URL: http://localhost:8080/create-registry
2024-05-07 02:38:52 INFO  LoggingInterceptor:13 - Request URL: http://localhost:8080/error
2024-05-07 02:39:31 INFO  LoggingInterceptor:13 - Request URL: http://localhost:8080/
2024-05-07 02:39:32 INFO  LoggingInterceptor:13 - Request URL: http://localhost:8080/create-registry
2024-05-07 02:39:49 INFO  LoggingInterceptor:13 - Request URL: http://localhost:8080/submit-registry
2024-05-07 02:39:49 INFO  LoggingInterceptor:13 - Request URL: http://localhost:8080/registry-submitted
2024-05-07 02:39:52 INFO  LoggingInterceptor:13 - Request URL: http://localhost:8080/create-registry
2024-05-07 02:40:01 INFO  LoggingInterceptor:13 - Request URL: http://localhost:8080/submit-registry
2024-05-07 02:40:01 INFO  LoggingInterceptor:13 - Request URL: http://localhost:8080/registry-submitted
2024-05-07 02:40:06 INFO  LoggingInterceptor:13 - Request URL: http://localhost:8080/create-registry
2024-05-07 02:46:25 INFO  LoggingInterceptor:13 - Request URL: http://localhost:8080/
2024-05-07 02:46:27 INFO  LoggingInterceptor:13 - Request URL: http://localhost:8080/create-registry
2024-05-07 02:46:35 INFO  LoggingInterceptor:13 - Request URL: http://localhost:8080/submit-registry
2024-05-07 02:46:35 INFO  LoggingInterceptor:13 - Request URL: http://localhost:8080/registry-submitted
2024-05-07 02:48:18 INFO  LoggingInterceptor:13 - Request URL: http://localhost:8080/
2024-05-07 02:48:19 INFO  LoggingInterceptor:13 - Request URL: http://localhost:8080/create-registry
2024-05-07 02:48:33 INFO  LoggingInterceptor:13 - Request URL: http://localhost:8080/submit-registry
2024-05-07 02:48:33 INFO  LoggingInterceptor:13 - Request URL: http://localhost:8080/registry-submitted
2024-05-07 02:49:53 INFO  LoggingInterceptor:13 - Request URL: http://localhost:8080/
2024-05-07 02:49:55 INFO  LoggingInterceptor:13 - Request URL: http://localhost:8080/create-registry
2024-05-07 02:49:58 INFO  LoggingInterceptor:13 - Request URL: http://localhost:8080/submit-registry
2024-05-07 02:49:58 INFO  LoggingInterceptor:13 - Request URL: http://localhost:8080/registry-submitted
2024-05-07 02:51:00 INFO  LoggingInterceptor:13 - Request URL: http://localhost:8080/create-registry
2024-05-07 02:51:03 INFO  LoggingInterceptor:13 - Request URL: http://localhost:8080/submit-registry
2024-05-07 02:51:03 INFO  LoggingInterceptor:13 - Request URL: http://localhost:8080/registry-submitted
2024-05-07 02:55:04 INFO  LoggingInterceptor:13 - Request URL: http://localhost:8080/
2024-05-07 02:55:06 INFO  LoggingInterceptor:13 - Request URL: http://localhost:8080/create-registry
2024-05-07 02:55:26 INFO  LoggingInterceptor:13 - Request URL: http://localhost:8080/submit-registry
2024-05-07 02:55:26 INFO  LoggingInterceptor:13 - Request URL: http://localhost:8080/registry-submitted
2024-05-08 03:22:45 INFO  LoggingInterceptor:13 - Request URL: http://localhost:8080/
2024-05-08 03:22:46 INFO  LoggingInterceptor:13 - Request URL: http://localhost:8080/create-registry
2024-05-08 04:02:59 INFO  LoggingInterceptor:13 - Request URL: http://localhost:8080/
